<?xml version="1.0" encoding="UTF-8"?>
<testng-results ignored="0" total="1" passed="1" failed="0" skipped="0">
  <reporter-output>
  </reporter-output>
  <suite started-at="2022-06-19T12:58:03 WIB" name="Default suite" finished-at="2022-06-19T12:58:10 WIB" duration-ms="6931">
    <groups>
    </groups>
    <test started-at="2022-06-19T12:58:03 WIB" name="Default test" finished-at="2022-06-19T12:58:10 WIB" duration-ms="6931">
      <class name="tugas3.webtest3">
        <test-method is-config="true" signature="setUp()[pri:0, instance:tugas3.webtest3@4ebff610]" started-at="2022-06-19T12:58:03 WIB" name="setUp" finished-at="2022-06-19T12:58:09 WIB" duration-ms="5324" status="PASS">
          <reporter-output>
          </reporter-output>
        </test-method> <!-- setUp -->
        <test-method signature="login()[pri:0, instance:tugas3.webtest3@4ebff610]" started-at="2022-06-19T12:58:09 WIB" name="login" finished-at="2022-06-19T12:58:10 WIB" duration-ms="1299" status="PASS">
          <reporter-output>
          </reporter-output>
        </test-method> <!-- login -->
        <test-method is-config="true" signature="tearDown()[pri:0, instance:tugas3.webtest3@4ebff610]" started-at="2022-06-19T12:58:10 WIB" name="tearDown" finished-at="2022-06-19T12:58:10 WIB" duration-ms="137" status="PASS">
          <reporter-output>
          </reporter-output>
        </test-method> <!-- tearDown -->
      </class> <!-- tugas3.webtest3 -->
    </test> <!-- Default test -->
  </suite> <!-- Default suite -->
</testng-results>
