<?xml version="1.0" encoding="UTF-8"?>
<testng-results ignored="0" total="1" passed="1" failed="0" skipped="0">
  <reporter-output>
  </reporter-output>
  <suite started-at="2022-06-27T20:58:26 WIB" name="Default suite" finished-at="2022-06-27T20:58:29 WIB" duration-ms="3051">
    <groups>
    </groups>
    <test started-at="2022-06-27T20:58:26 WIB" name="Default test" finished-at="2022-06-27T20:58:29 WIB" duration-ms="3051">
      <class name="qaautomation.tugas4.Tugas5">
        <test-method signature="testRegisterAPI()[pri:0, instance:qaautomation.tugas4.Tugas5@488d1cd7]" started-at="2022-06-27T20:58:26 WIB" name="testRegisterAPI" finished-at="2022-06-27T20:58:29 WIB" duration-ms="2979" status="PASS">
          <reporter-output>
          </reporter-output>
        </test-method> <!-- testRegisterAPI -->
      </class> <!-- qaautomation.tugas4.Tugas5 -->
    </test> <!-- Default test -->
  </suite> <!-- Default suite -->
</testng-results>
